<?xml version="1.0" encoding="UTF-8"?>
<testsuite name="com.cli.tool.CLITest" tests="6" skipped="0" failures="0" errors="0" timestamp="2021-02-15T09:16:48" hostname="MC02XKC6WJG5H" time="0.147">
  <properties/>
  <testcase name="testHandlerGeneratePersonJsonByDirectInput" classname="com.cli.tool.CLITest" time="0.136"/>
  <testcase name="testHandlerGeneratePersonJsonByDirectInputFailed" classname="com.cli.tool.CLITest" time="0.001"/>
  <testcase name="testGeneratePersonJsonByReadingFileNotFound" classname="com.cli.tool.CLITest" time="0.001"/>
  <testcase name="testGeneratePersonJsonByReadingFile" classname="com.cli.tool.CLITest" time="0.002"/>
  <testcase name="testHandlerGeneratePersonJsonByReadingFile" classname="com.cli.tool.CLITest" time="0.006"/>
  <testcase name="testHandlerGeneratePersonJsonByReadingFileNotFount" classname="com.cli.tool.CLITest" time="0.001"/>
  <system-out><![CDATA[]]></system-out>
  <system-err><![CDATA[Feb 15, 2021 9:16:49 AM com.cli.tool.commands.DirectInputCommand generatePersonJSON
INFO: {
  "person" : [ {
    "firstName" : "john",
    "lastName" : "keats",
    "age" : 67,
    "favouriteColour" : "black"
  } ]
}
Feb 15, 2021 9:16:49 AM com.cli.tool.commands.DirectInputCommand generatePersonJSON
INFO: Please pass valid argument
Feb 15, 2021 9:16:49 AM com.cli.tool.operations.FileUtil readFile
INFO: dummy.txt file not found
Feb 15, 2021 9:16:49 AM com.cli.tool.commands.ReadFileCommand generatePersonJSON
INFO: {
  "person" : [ {
    "firstName" : "John",
    "lastName" : "Keynes",
    "age" : 29,
    "favouriteColour" : "red"
  }, {
    "firstName" : "Sarah",
    "lastName" : "Robinson",
    "age" : 54,
    "favouriteColour" : "blue"
  } ]
}
Feb 15, 2021 9:16:49 AM com.cli.tool.operations.FileUtil readFile
INFO: file.txt file not found
]]></system-err>
</testsuite>
